{"/home/declan/Documents/JS/job-search/src/components/MainNav.vue": {"path":"/home/declan/Documents/JS/job-search/src/components/MainNav.vue","statementMap":{"0":{"start":{"line":15,"column":15},"end":{"line":15,"column":null}},"1":{"start":{"line":19,"column":4},"end":{"line":19,"column":10}}},"fnMap":{"0":{"name":"(anonymous_0)","decl":{"start":{"line":18,"column":2},"end":{"line":18,"column":6}},"loc":{"start":{"line":18,"column":8},"end":{"line":24,"column":null}}}},"branchMap":{},"s":{"0":1,"1":1},"f":{"0":1},"b":{}}
}
